\BOOKMARK [0][-]{acknowledgements.0}{Agradecimentos}{}% 1
\BOOKMARK [0][-]{resumo.0}{Resumo}{}% 2
\BOOKMARK [0][-]{abstract.0}{Abstract}{}% 3
\BOOKMARK [0][-]{chapter.1}{Introduction}{}% 4
\BOOKMARK [1][-]{section.1.1}{Earthquakes}{chapter.1}% 5
\BOOKMARK [1][-]{section.1.2}{Earthquake Prediction}{chapter.1}% 6
\BOOKMARK [1][-]{section.1.3}{Document Organization}{chapter.1}% 7
\BOOKMARK [0][-]{chapter.2}{The Earthquake Forecasting Problem}{}% 8
\BOOKMARK [1][-]{section.2.1}{What are Genetic Algorithms}{chapter.2}% 9
\BOOKMARK [2][-]{subsection.2.1.1}{How does GA work}{section.2.1}% 10
\BOOKMARK [1][-]{section.2.2}{Earthquake Likelihood Model Testing}{chapter.2}% 11
\BOOKMARK [2][-]{subsection.2.2.1}{Vector of expectations}{section.2.2}% 12
\BOOKMARK [2][-]{subsection.2.2.2}{The Log-Likelihood Function}{section.2.2}% 13
\BOOKMARK [2][-]{subsection.2.2.3}{Uncertainties in Earthquake Parameters}{section.2.2}% 14
\BOOKMARK [1][-]{section.2.3}{Tests for evaluating Models}{chapter.2}% 15
\BOOKMARK [2][-]{subsection.2.3.1}{L-test - Data-consistency test}{section.2.3}% 16
\BOOKMARK [2][-]{subsection.2.3.2}{Number test or N-Test}{section.2.3}% 17
\BOOKMARK [2][-]{subsection.2.3.3}{Hypotheses Comparison Test or R-Test}{section.2.3}% 18
\BOOKMARK [2][-]{subsection.2.3.4}{Evaluation}{section.2.3}% 19
\BOOKMARK [0][-]{chapter.3}{Models}{}% 20
\BOOKMARK [1][-]{section.3.1}{1-year Forecast Models}{chapter.3}% 21
\BOOKMARK [1][-]{section.3.2}{Mainshock Models}{chapter.3}% 22
\BOOKMARK [2][-]{subsection.3.2.1}{GAModel}{section.3.2}% 23
\BOOKMARK [2][-]{subsection.3.2.2}{Genome Representation}{section.3.2}% 24
\BOOKMARK [2][-]{subsection.3.2.3}{Fitness Function}{section.3.2}% 25
\BOOKMARK [2][-]{subsection.3.2.4}{Evolutionary Operators}{section.3.2}% 26
\BOOKMARK [1][-]{section.3.3}{ReducedGAModel}{chapter.3}% 27
\BOOKMARK [2][-]{subsection.3.3.1}{Genome Representation}{section.3.3}% 28
\BOOKMARK [2][-]{subsection.3.3.2}{Fitness Function}{section.3.3}% 29
\BOOKMARK [2][-]{subsection.3.3.3}{Evolutionary Operators}{section.3.3}% 30
\BOOKMARK [1][-]{section.3.4}{Mainshock+Aftershock Models}{chapter.3}% 31
\BOOKMARK [2][-]{subsection.3.4.1}{Emp-GAModel}{section.3.4}% 32
\BOOKMARK [2][-]{subsection.3.4.2}{Emp-ReducedGAModel}{section.3.4}% 33
\BOOKMARK [1][-]{section.3.5}{Tests for evaluating Models}{chapter.3}% 34
\BOOKMARK [0][-]{chapter.4}{Computa\347\343o Evolutiva e Previs\343o de Sismos}{}% 35
\BOOKMARK [0][-]{chapter.5}{An\341lise dos Dados}{}% 36
\BOOKMARK [1][-]{section.5.1}{Dados de sismos}{chapter.5}% 37
\BOOKMARK [0][-]{chapter.6}{Metodologia Proposta}{}% 38
\BOOKMARK [1][-]{section.6.1}{Estrutura da solu\347\343o}{chapter.6}% 39
\BOOKMARK [1][-]{section.6.2}{Defini\347\343o do Algoritmo Gen\351tico - Simple L-test Fitness Function}{chapter.6}% 40
\BOOKMARK [2][-]{subsection.6.2.1}{Crossover}{section.6.2}% 41
\BOOKMARK [2][-]{subsection.6.2.2}{Muta\347\343o}{section.6.2}% 42
\BOOKMARK [2][-]{subsection.6.2.3}{Sele\347\343o}{section.6.2}% 43
\BOOKMARK [1][-]{section.6.3}{Defini\347\343o do Algoritmo Gen\351tico - Time-slice Log-Likelihood Fitness Function}{chapter.6}% 44
\BOOKMARK [2][-]{subsection.6.3.1}{Operadores Estudados}{section.6.3}% 45
\BOOKMARK [1][-]{section.6.4}{Estudo dos Operadores - Fun\347\365es CEC'13}{chapter.6}% 46
\BOOKMARK [1][-]{section.6.5}{An\341lises GA - Time-slice Log-Likelihood Fitness Function}{chapter.6}% 47
\BOOKMARK [0][-]{chapter.7}{Resultados Obtidos}{}% 48
\BOOKMARK [1][-]{section.7.1}{Simple L-test Fitness Function}{chapter.7}% 49
\BOOKMARK [1][-]{section.7.2}{Time-slice Log Likelihood Fitness Function}{chapter.7}% 50
\BOOKMARK [0][-]{chapter.8}{Conclus\343o}{}% 51
\BOOKMARK [0][-]{section*.33}{Refer\352ncias}{}% 52
