\BOOKMARK [0][-]{dedication.0}{Dedicat\363ria}{}% 1
\BOOKMARK [0][-]{acknowledgements.0}{Agradecimentos}{}% 2
\BOOKMARK [0][-]{resumo.0}{Resumo}{}% 3
\BOOKMARK [0][-]{abstract.0}{Abstract}{}% 4
\BOOKMARK [0][-]{chapter.1}{Introduction}{}% 5
\BOOKMARK [1][-]{section.1.1}{Earthquakes}{chapter.1}% 6
\BOOKMARK [1][-]{section.1.2}{Earthquake Prediction}{chapter.1}% 7
\BOOKMARK [1][-]{section.1.3}{Document Organization}{chapter.1}% 8
\BOOKMARK [0][-]{chapter.2}{The Earthquake Forecasting Problem}{}% 9
\BOOKMARK [0][-]{chapter.3}{The Earthquake Forecasting Problem}{}% 10
\BOOKMARK [1][-]{section.3.1}{Earthquake Likelihood Model Testing}{chapter.3}% 11
\BOOKMARK [2][-]{subsection.3.1.1}{Vector of expectations}{section.3.1}% 12
\BOOKMARK [2][-]{subsection.3.1.2}{The Log-Likelihood Function}{section.3.1}% 13
\BOOKMARK [2][-]{subsection.3.1.3}{Uncertainties in Earthquake Parameters}{section.3.1}% 14
\BOOKMARK [1][-]{section.3.2}{Tests for evaluating Models}{chapter.3}% 15
\BOOKMARK [2][-]{subsection.3.2.1}{L-test - Data-consistency test}{section.3.2}% 16
\BOOKMARK [2][-]{subsection.3.2.2}{Number test or N-Test}{section.3.2}% 17
\BOOKMARK [2][-]{subsection.3.2.3}{Hypotheses Comparison Test or R-Test}{section.3.2}% 18
\BOOKMARK [2][-]{subsection.3.2.4}{Evaluation}{section.3.2}% 19
\BOOKMARK [0][-]{chapter.4}{State of Art}{}% 20
\BOOKMARK [1][-]{section.4.1}{What are Genetic Algorithms}{chapter.4}% 21
\BOOKMARK [2][-]{subsection.4.1.1}{How does GA work}{section.4.1}% 22
\BOOKMARK [1][-]{section.4.2}{Evolutionary Computation and Earthquake Risk Prevision}{chapter.4}% 23
\BOOKMARK [0][-]{chapter.5}{Models}{}% 24
\BOOKMARK [1][-]{section.5.1}{1-year Forecast Models}{chapter.5}% 25
\BOOKMARK [1][-]{section.5.2}{Mainshock Methods}{chapter.5}% 26
\BOOKMARK [2][-]{subsection.5.2.1}{GAModel}{section.5.2}% 27
\BOOKMARK [2][-]{subsection.5.2.2}{ReducedGAModel}{section.5.2}% 28
\BOOKMARK [1][-]{section.5.3}{Mainshock+Aftershock Methods}{chapter.5}% 29
\BOOKMARK [2][-]{subsection.5.3.1}{Emp-GAModel}{section.5.3}% 30
\BOOKMARK [2][-]{subsection.5.3.2}{Emp-ReducedGAModel}{section.5.3}% 31
\BOOKMARK [0][-]{chapter.6}{An\341lise dos Dados}{}% 32
\BOOKMARK [1][-]{section.6.1}{Dados de sismos}{chapter.6}% 33
\BOOKMARK [0][-]{chapter.7}{Metodologia Proposta}{}% 34
\BOOKMARK [1][-]{section.7.1}{Estrutura da solu\347\343o}{chapter.7}% 35
\BOOKMARK [1][-]{section.7.2}{Defini\347\343o do Algoritmo Gen\351tico - Simple L-test Fitness Function}{chapter.7}% 36
\BOOKMARK [2][-]{subsection.7.2.1}{Crossover}{section.7.2}% 37
\BOOKMARK [2][-]{subsection.7.2.2}{Muta\347\343o}{section.7.2}% 38
\BOOKMARK [2][-]{subsection.7.2.3}{Sele\347\343o}{section.7.2}% 39
\BOOKMARK [1][-]{section.7.3}{Defini\347\343o do Algoritmo Gen\351tico - Time-slice Log-Likelihood Fitness Function}{chapter.7}% 40
\BOOKMARK [2][-]{subsection.7.3.1}{Operadores Estudados}{section.7.3}% 41
\BOOKMARK [1][-]{section.7.4}{Estudo dos Operadores - Fun\347\365es CEC'13}{chapter.7}% 42
\BOOKMARK [1][-]{section.7.5}{An\341lises GA - Time-slice Log-Likelihood Fitness Function}{chapter.7}% 43
\BOOKMARK [0][-]{chapter.8}{Resultados Obtidos}{}% 44
\BOOKMARK [1][-]{section.8.1}{Simple L-test Fitness Function}{chapter.8}% 45
\BOOKMARK [1][-]{section.8.2}{Time-slice Log Likelihood Fitness Function}{chapter.8}% 46
\BOOKMARK [0][-]{chapter.9}{Conclus\343o}{}% 47
\BOOKMARK [0][-]{section*.40}{Refer\352ncias}{}% 48
